<?xml version="1.0" encoding="UTF-8"?>
<!-- Generated by org.testng.reporters.JUnitXMLReporter -->
<testsuite hostname="303-PC4" ignored="8" name="econfig_20110101" tests="4" failures="0" timestamp="02 июн 2018 09:13:39 GMT" time="0.025" errors="0">
  <testcase name="test1_1" time="0.006" classname="test.TestExample1"/>
  <testcase name="test2_1" time="0.001" classname="test.TestExample2"/>
  <testcase name="test2_2" time="0.0" classname="test.TestExample2"/>
  <testcase name="test2_3" time="0.001" classname="test.TestExample2"/>
  <testcase name="test1_2" time="0.0" classname="test.TestExample1">
    <ignored/>
  </testcase> <!-- test1_2 -->
  <testcase name="test" time="0.0" classname="test.TestExample1TestTest2">
    <ignored/>
  </testcase> <!-- test -->
  <testcase name="test3_4" time="0.0" classname="test.TestExample3">
    <ignored/>
  </testcase> <!-- test3_4 -->
  <testcase name="test3_3" time="0.0" classname="test.TestExample3">
    <ignored/>
  </testcase> <!-- test3_3 -->
  <testcase name="test1_3" time="0.0" classname="test.TestExample1">
    <ignored/>
  </testcase> <!-- test1_3 -->
  <testcase name="test2_4" time="0.0" classname="test.TestExample2">
    <ignored/>
  </testcase> <!-- test2_4 -->
  <testcase name="test3_2" time="0.0" classname="test.TestExample3">
    <ignored/>
  </testcase> <!-- test3_2 -->
  <testcase name="test3_1" time="0.0" classname="test.TestExample3">
    <ignored/>
  </testcase> <!-- test3_1 -->
</testsuite> <!-- econfig_20110101 -->
